{"/Users/kevinsullivan/Desktop/projects/flux-challenge/submissions/wolverineks/src/async/sithPixie.js": {"path":"/Users/kevinsullivan/Desktop/projects/flux-challenge/submissions/wolverineks/src/async/sithPixie.js","statementMap":{"0":{"start":{"line":6,"column":17},"end":{"line":6,"column":52}},"1":{"start":{"line":8,"column":18},"end":{"line":18,"column":2}},"2":{"start":{"line":8,"column":25},"end":{"line":18,"column":1}},"3":{"start":{"line":10,"column":19},"end":{"line":10,"column":48}},"4":{"start":{"line":10,"column":33},"end":{"line":10,"column":48}},"5":{"start":{"line":11,"column":21},"end":{"line":11,"column":82}},"6":{"start":{"line":11,"column":37},"end":{"line":11,"column":82}},"7":{"start":{"line":13,"column":4},"end":{"line":15,"column":21}}},"fnMap":{"0":{"name":"(anonymous_0)","decl":{"start":{"line":8,"column":18},"end":{"line":8,"column":19}},"loc":{"start":{"line":8,"column":25},"end":{"line":18,"column":1}},"line":8},"1":{"name":"(anonymous_1)","decl":{"start":{"line":10,"column":19},"end":{"line":10,"column":20}},"loc":{"start":{"line":10,"column":33},"end":{"line":10,"column":48}},"line":10},"2":{"name":"(anonymous_2)","decl":{"start":{"line":11,"column":21},"end":{"line":11,"column":22}},"loc":{"start":{"line":11,"column":37},"end":{"line":11,"column":82}},"line":11}},"branchMap":{},"s":{"0":1,"1":1,"2":0,"3":0,"4":0,"5":0,"6":0,"7":0},"f":{"0":0,"1":0,"2":0},"b":{},"_coverageSchema":"332fd63041d2c1bcb487cc26dd0d5f7d97098a6c","hash":"56fd083bca0f6f8b7d3a9ca51c06b01df83c7c45"}
,"/Users/kevinsullivan/Desktop/projects/flux-challenge/submissions/wolverineks/src/async/sithsPixie.js": {"path":"/Users/kevinsullivan/Desktop/projects/flux-challenge/submissions/wolverineks/src/async/sithsPixie.js","statementMap":{"0":{"start":{"line":7,"column":19},"end":{"line":11,"column":1}},"1":{"start":{"line":9,"column":13},"end":{"line":9,"column":50}},"2":{"start":{"line":9,"column":45},"end":{"line":9,"column":49}},"3":{"start":{"line":10,"column":18},"end":{"line":10,"column":32}}},"fnMap":{"0":{"name":"(anonymous_0)","decl":{"start":{"line":9,"column":2},"end":{"line":9,"column":3}},"loc":{"start":{"line":9,"column":13},"end":{"line":9,"column":50}},"line":9},"1":{"name":"(anonymous_1)","decl":{"start":{"line":9,"column":37},"end":{"line":9,"column":38}},"loc":{"start":{"line":9,"column":45},"end":{"line":9,"column":49}},"line":9},"2":{"name":"(anonymous_2)","decl":{"start":{"line":10,"column":2},"end":{"line":10,"column":3}},"loc":{"start":{"line":10,"column":18},"end":{"line":10,"column":32}},"line":10}},"branchMap":{},"s":{"0":1,"1":1,"2":0,"3":0},"f":{"0":1,"1":0,"2":0},"b":{},"_coverageSchema":"332fd63041d2c1bcb487cc26dd0d5f7d97098a6c","hash":"fe455f60ef7b734e5740c5143ea4260a2002df69"}
,"/Users/kevinsullivan/Desktop/projects/flux-challenge/submissions/wolverineks/src/state/reducers/planet.js": {"path":"/Users/kevinsullivan/Desktop/projects/flux-challenge/submissions/wolverineks/src/state/reducers/planet.js","statementMap":{"0":{"start":{"line":6,"column":28},"end":{"line":6,"column":32}},"1":{"start":{"line":8,"column":2},"end":{"line":10,"column":11}},"2":{"start":{"line":14,"column":24},"end":{"line":131,"column":1}}},"fnMap":{"0":{"name":"(anonymous_0)","decl":{"start":{"line":7,"column":15},"end":{"line":7,"column":16}},"loc":{"start":{"line":8,"column":2},"end":{"line":10,"column":11}},"line":8}},"branchMap":{"0":{"loc":{"start":{"line":7,"column":16},"end":{"line":7,"column":43}},"type":"default-arg","locations":[{"start":{"line":7,"column":31},"end":{"line":7,"column":43}}],"line":7},"1":{"loc":{"start":{"line":8,"column":2},"end":{"line":10,"column":11}},"type":"cond-expr","locations":[{"start":{"line":9,"column":6},"end":{"line":9,"column":78}},{"start":{"line":10,"column":6},"end":{"line":10,"column":11}}],"line":8},"2":{"loc":{"start":{"line":9,"column":38},"end":{"line":9,"column":77}},"type":"binary-expr","locations":[{"start":{"line":9,"column":38},"end":{"line":9,"column":63}},{"start":{"line":9,"column":67},"end":{"line":9,"column":77}}],"line":9}},"s":{"0":1,"1":2,"2":1},"f":{"0":2},"b":{"0":[1],"1":[1,1],"2":[1,0]},"_coverageSchema":"332fd63041d2c1bcb487cc26dd0d5f7d97098a6c","hash":"830d1741b4e107380652c81d5f209cd1d75d5a25"}
,"/Users/kevinsullivan/Desktop/projects/flux-challenge/submissions/wolverineks/src/state/reducers/siths.js": {"path":"/Users/kevinsullivan/Desktop/projects/flux-challenge/submissions/wolverineks/src/state/reducers/siths.js","statementMap":{"0":{"start":{"line":6,"column":28},"end":{"line":6,"column":30}},"1":{"start":{"line":8,"column":2},"end":{"line":10,"column":11}}},"fnMap":{"0":{"name":"(anonymous_0)","decl":{"start":{"line":7,"column":15},"end":{"line":7,"column":16}},"loc":{"start":{"line":8,"column":2},"end":{"line":10,"column":11}},"line":8}},"branchMap":{"0":{"loc":{"start":{"line":7,"column":16},"end":{"line":7,"column":43}},"type":"default-arg","locations":[{"start":{"line":7,"column":31},"end":{"line":7,"column":43}}],"line":7},"1":{"loc":{"start":{"line":8,"column":2},"end":{"line":10,"column":11}},"type":"cond-expr","locations":[{"start":{"line":9,"column":6},"end":{"line":9,"column":78}},{"start":{"line":10,"column":6},"end":{"line":10,"column":11}}],"line":8}},"s":{"0":1,"1":2},"f":{"0":2},"b":{"0":[1],"1":[1,1]},"_coverageSchema":"332fd63041d2c1bcb487cc26dd0d5f7d97098a6c","hash":"dce023c331b9ea0e892d9b29510e5088ec47124a"}
,"/Users/kevinsullivan/Desktop/projects/flux-challenge/submissions/wolverineks/src/ui/Dashboard/Dashboard.jsx": {"path":"/Users/kevinsullivan/Desktop/projects/flux-challenge/submissions/wolverineks/src/ui/Dashboard/Dashboard.jsx","statementMap":{},"fnMap":{},"branchMap":{},"s":{},"f":{},"b":{},"_coverageSchema":"332fd63041d2c1bcb487cc26dd0d5f7d97098a6c","hash":"0d463a564cf9621ba796bc7506ca4f91353df839"}
,"/Users/kevinsullivan/Desktop/projects/flux-challenge/submissions/wolverineks/src/ui/Dashboard/index.js": {"path":"/Users/kevinsullivan/Desktop/projects/flux-challenge/submissions/wolverineks/src/ui/Dashboard/index.js","statementMap":{},"fnMap":{},"branchMap":{},"s":{},"f":{},"b":{},"_coverageSchema":"332fd63041d2c1bcb487cc26dd0d5f7d97098a6c","hash":"fd5b96ab799d8130f2a0300633f7bd4179b0303d"}
,"/Users/kevinsullivan/Desktop/projects/flux-challenge/submissions/wolverineks/src/ui/Dashboard/styles.js": {"path":"/Users/kevinsullivan/Desktop/projects/flux-challenge/submissions/wolverineks/src/ui/Dashboard/styles.js","statementMap":{"0":{"start":{"line":4,"column":26},"end":{"line":14,"column":1}}},"fnMap":{},"branchMap":{},"s":{"0":4},"f":{},"b":{},"_coverageSchema":"332fd63041d2c1bcb487cc26dd0d5f7d97098a6c","hash":"9a45f622eb811e6de51f648e8d4be8cf5f79d21f"}
,"/Users/kevinsullivan/Desktop/projects/flux-challenge/submissions/wolverineks/src/ui/Dashboard/components/Body.jsx": {"path":"/Users/kevinsullivan/Desktop/projects/flux-challenge/submissions/wolverineks/src/ui/Dashboard/components/Body.jsx","statementMap":{"0":{"start":{"line":5,"column":13},"end":{"line":8,"column":8}},"1":{"start":{"line":6,"column":2},"end":{"line":8,"column":8}}},"fnMap":{"0":{"name":"(anonymous_0)","decl":{"start":{"line":5,"column":13},"end":{"line":5,"column":14}},"loc":{"start":{"line":6,"column":2},"end":{"line":8,"column":8}},"line":6}},"branchMap":{},"s":{"0":1,"1":0},"f":{"0":0},"b":{},"_coverageSchema":"332fd63041d2c1bcb487cc26dd0d5f7d97098a6c","hash":"1e012380859ff22b51b2c83b3c1655d25b82310d"}
,"/Users/kevinsullivan/Desktop/projects/flux-challenge/submissions/wolverineks/src/ui/Dashboard/components/Header.jsx": {"path":"/Users/kevinsullivan/Desktop/projects/flux-challenge/submissions/wolverineks/src/ui/Dashboard/components/Header.jsx","statementMap":{"0":{"start":{"line":5,"column":15},"end":{"line":8,"column":8}},"1":{"start":{"line":6,"column":2},"end":{"line":8,"column":8}}},"fnMap":{"0":{"name":"(anonymous_0)","decl":{"start":{"line":5,"column":15},"end":{"line":5,"column":16}},"loc":{"start":{"line":6,"column":2},"end":{"line":8,"column":8}},"line":6}},"branchMap":{},"s":{"0":1,"1":0},"f":{"0":0},"b":{},"_coverageSchema":"332fd63041d2c1bcb487cc26dd0d5f7d97098a6c","hash":"92e499618d11ac29ecd2973b0f4782e210d91637"}
,"/Users/kevinsullivan/Desktop/projects/flux-challenge/submissions/wolverineks/src/ui/Dashboard/components/index.js": {"path":"/Users/kevinsullivan/Desktop/projects/flux-challenge/submissions/wolverineks/src/ui/Dashboard/components/index.js","statementMap":{},"fnMap":{},"branchMap":{},"s":{},"f":{},"b":{},"_coverageSchema":"332fd63041d2c1bcb487cc26dd0d5f7d97098a6c","hash":"eb643e4bcc9eb295796211c8daf2692878ea9d1d"}
,"/Users/kevinsullivan/Desktop/projects/flux-challenge/submissions/wolverineks/src/ui/Dashboard/components/PlanetIndicator/PlanetIndicator.jsx": {"path":"/Users/kevinsullivan/Desktop/projects/flux-challenge/submissions/wolverineks/src/ui/Dashboard/components/PlanetIndicator/PlanetIndicator.jsx","statementMap":{"0":{"start":{"line":10,"column":24},"end":{"line":13,"column":7}},"1":{"start":{"line":11,"column":2},"end":{"line":13,"column":7}}},"fnMap":{"0":{"name":"(anonymous_0)","decl":{"start":{"line":10,"column":24},"end":{"line":10,"column":25}},"loc":{"start":{"line":11,"column":2},"end":{"line":13,"column":7}},"line":11}},"branchMap":{"0":{"loc":{"start":{"line":12,"column":5},"end":{"line":12,"column":93}},"type":"cond-expr","locations":[{"start":{"line":12,"column":14},"end":{"line":12,"column":61}},{"start":{"line":12,"column":64},"end":{"line":12,"column":93}}],"line":12}},"s":{"0":2,"1":2},"f":{"0":2},"b":{"0":[1,1]},"_coverageSchema":"332fd63041d2c1bcb487cc26dd0d5f7d97098a6c","hash":"01af7c694e15ce32f96b6f5a7abce7ec1f7cc2ea"}
,"/Users/kevinsullivan/Desktop/projects/flux-challenge/submissions/wolverineks/src/ui/Dashboard/components/PlanetIndicator/index.js": {"path":"/Users/kevinsullivan/Desktop/projects/flux-challenge/submissions/wolverineks/src/ui/Dashboard/components/PlanetIndicator/index.js","statementMap":{},"fnMap":{},"branchMap":{},"s":{},"f":{},"b":{},"_coverageSchema":"332fd63041d2c1bcb487cc26dd0d5f7d97098a6c","hash":"823f1d0ffa1fa851c6d7e97c0221d2e419679c17"}
,"/Users/kevinsullivan/Desktop/projects/flux-challenge/submissions/wolverineks/src/ui/Dashboard/components/PlanetIndicator/strings.js": {"path":"/Users/kevinsullivan/Desktop/projects/flux-challenge/submissions/wolverineks/src/ui/Dashboard/components/PlanetIndicator/strings.js","statementMap":{"0":{"start":{"line":3,"column":43},"end":{"line":3,"column":65}},"1":{"start":{"line":4,"column":45},"end":{"line":4,"column":71}}},"fnMap":{},"branchMap":{},"s":{"0":2,"1":2},"f":{},"b":{},"_coverageSchema":"332fd63041d2c1bcb487cc26dd0d5f7d97098a6c","hash":"3823053d4071b56cc6c4898dda2a3f393220ba88"}
,"/Users/kevinsullivan/Desktop/projects/flux-challenge/submissions/wolverineks/src/ui/Dashboard/components/PlanetIndicator/style.js": {"path":"/Users/kevinsullivan/Desktop/projects/flux-challenge/submissions/wolverineks/src/ui/Dashboard/components/PlanetIndicator/style.js","statementMap":{},"fnMap":{},"branchMap":{},"s":{},"f":{},"b":{},"_coverageSchema":"332fd63041d2c1bcb487cc26dd0d5f7d97098a6c","hash":"00ec4dc3ad4f08cf9f3ff7053cda7e4a2b449e69"}
,"/Users/kevinsullivan/Desktop/projects/flux-challenge/submissions/wolverineks/src/ui/Dashboard/components/ScrollableList/ScrollableList.jsx": {"path":"/Users/kevinsullivan/Desktop/projects/flux-challenge/submissions/wolverineks/src/ui/Dashboard/components/ScrollableList/ScrollableList.jsx","statementMap":{"0":{"start":{"line":8,"column":23},"end":{"line":10,"column":10}},"1":{"start":{"line":8,"column":44},"end":{"line":10,"column":10}}},"fnMap":{"0":{"name":"(anonymous_0)","decl":{"start":{"line":8,"column":23},"end":{"line":8,"column":24}},"loc":{"start":{"line":8,"column":44},"end":{"line":10,"column":10}},"line":8}},"branchMap":{},"s":{"0":2,"1":0},"f":{"0":0},"b":{},"_coverageSchema":"332fd63041d2c1bcb487cc26dd0d5f7d97098a6c","hash":"13285a1239596495af67f112a8e282a515b43b69"}
,"/Users/kevinsullivan/Desktop/projects/flux-challenge/submissions/wolverineks/src/ui/Dashboard/components/ScrollableList/index.js": {"path":"/Users/kevinsullivan/Desktop/projects/flux-challenge/submissions/wolverineks/src/ui/Dashboard/components/ScrollableList/index.js","statementMap":{},"fnMap":{},"branchMap":{},"s":{},"f":{},"b":{},"_coverageSchema":"332fd63041d2c1bcb487cc26dd0d5f7d97098a6c","hash":"f6d337fb70142af99c69300794ea8084ea9281c0"}
,"/Users/kevinsullivan/Desktop/projects/flux-challenge/submissions/wolverineks/src/ui/Dashboard/components/ScrollableList/components/Button.jsx": {"path":"/Users/kevinsullivan/Desktop/projects/flux-challenge/submissions/wolverineks/src/ui/Dashboard/components/ScrollableList/components/Button.jsx","statementMap":{"0":{"start":{"line":8,"column":15},"end":{"line":11,"column":1}},"1":{"start":{"line":9,"column":20},"end":{"line":9,"column":84}},"2":{"start":{"line":10,"column":2},"end":{"line":10,"column":41}}},"fnMap":{"0":{"name":"(anonymous_0)","decl":{"start":{"line":8,"column":15},"end":{"line":8,"column":16}},"loc":{"start":{"line":8,"column":39},"end":{"line":11,"column":1}},"line":8}},"branchMap":{"0":{"loc":{"start":{"line":9,"column":20},"end":{"line":9,"column":84}},"type":"cond-expr","locations":[{"start":{"line":9,"column":41},"end":{"line":9,"column":60}},{"start":{"line":9,"column":63},"end":{"line":9,"column":84}}],"line":9}},"s":{"0":2,"1":2,"2":2},"f":{"0":2},"b":{"0":[1,1]},"_coverageSchema":"332fd63041d2c1bcb487cc26dd0d5f7d97098a6c","hash":"1888712712bc55b847e7f7dc2b12fb3eefe82248"}
,"/Users/kevinsullivan/Desktop/projects/flux-challenge/submissions/wolverineks/src/ui/Dashboard/components/ScrollableList/components/Item.jsx": {"path":"/Users/kevinsullivan/Desktop/projects/flux-challenge/submissions/wolverineks/src/ui/Dashboard/components/ScrollableList/components/Item.jsx","statementMap":{"0":{"start":{"line":8,"column":13},"end":{"line":11,"column":7}},"1":{"start":{"line":9,"column":2},"end":{"line":11,"column":7}}},"fnMap":{"0":{"name":"(anonymous_0)","decl":{"start":{"line":8,"column":13},"end":{"line":8,"column":14}},"loc":{"start":{"line":9,"column":2},"end":{"line":11,"column":7}},"line":9}},"branchMap":{},"s":{"0":2,"1":1},"f":{"0":1},"b":{},"_coverageSchema":"332fd63041d2c1bcb487cc26dd0d5f7d97098a6c","hash":"671882df15608ac81825212d989e81ea3000913e"}
,"/Users/kevinsullivan/Desktop/projects/flux-challenge/submissions/wolverineks/src/ui/Dashboard/components/ScrollableList/components/List.jsx": {"path":"/Users/kevinsullivan/Desktop/projects/flux-challenge/submissions/wolverineks/src/ui/Dashboard/components/ScrollableList/components/List.jsx","statementMap":{"0":{"start":{"line":9,"column":13},"end":{"line":13,"column":7}},"1":{"start":{"line":11,"column":2},"end":{"line":13,"column":7}}},"fnMap":{"0":{"name":"(anonymous_0)","decl":{"start":{"line":9,"column":13},"end":{"line":9,"column":14}},"loc":{"start":{"line":11,"column":2},"end":{"line":13,"column":7}},"line":11}},"branchMap":{},"s":{"0":2,"1":2},"f":{"0":2},"b":{},"_coverageSchema":"332fd63041d2c1bcb487cc26dd0d5f7d97098a6c","hash":"9e99b1f54321fbb8ef5b6c656e5d7e78aaa75497"}
,"/Users/kevinsullivan/Desktop/projects/flux-challenge/submissions/wolverineks/src/ui/Dashboard/components/ScrollableList/components/ScrollButtons.jsx": {"path":"/Users/kevinsullivan/Desktop/projects/flux-challenge/submissions/wolverineks/src/ui/Dashboard/components/ScrollableList/components/ScrollButtons.jsx","statementMap":{"0":{"start":{"line":9,"column":22},"end":{"line":12,"column":8}},"1":{"start":{"line":10,"column":2},"end":{"line":12,"column":8}}},"fnMap":{"0":{"name":"(anonymous_0)","decl":{"start":{"line":9,"column":22},"end":{"line":9,"column":23}},"loc":{"start":{"line":10,"column":2},"end":{"line":12,"column":8}},"line":10}},"branchMap":{},"s":{"0":2,"1":1},"f":{"0":1},"b":{},"_coverageSchema":"332fd63041d2c1bcb487cc26dd0d5f7d97098a6c","hash":"4a02482f7b6dfa6eaf4b939f654020ea2232d541"}
,"/Users/kevinsullivan/Desktop/projects/flux-challenge/submissions/wolverineks/src/ui/Dashboard/components/Sith/Sith.jsx": {"path":"/Users/kevinsullivan/Desktop/projects/flux-challenge/submissions/wolverineks/src/ui/Dashboard/components/Sith/Sith.jsx","statementMap":{"0":{"start":{"line":9,"column":13},"end":{"line":18,"column":1}},"1":{"start":{"line":10,"column":24},"end":{"line":12,"column":15}},"2":{"start":{"line":14,"column":2},"end":{"line":17,"column":8}}},"fnMap":{"0":{"name":"(anonymous_0)","decl":{"start":{"line":9,"column":13},"end":{"line":9,"column":14}},"loc":{"start":{"line":9,"column":43},"end":{"line":18,"column":1}},"line":9}},"branchMap":{"0":{"loc":{"start":{"line":10,"column":24},"end":{"line":12,"column":15}},"type":"cond-expr","locations":[{"start":{"line":11,"column":6},"end":{"line":11,"column":37}},{"start":{"line":12,"column":6},"end":{"line":12,"column":15}}],"line":10}},"s":{"0":2,"1":4,"2":4},"f":{"0":4},"b":{"0":[2,2]},"_coverageSchema":"332fd63041d2c1bcb487cc26dd0d5f7d97098a6c","hash":"85a75895b7aad43f12cd4c600ee68d868710ab0f"}
,"/Users/kevinsullivan/Desktop/projects/flux-challenge/submissions/wolverineks/src/ui/Dashboard/components/Sith/index.js": {"path":"/Users/kevinsullivan/Desktop/projects/flux-challenge/submissions/wolverineks/src/ui/Dashboard/components/Sith/index.js","statementMap":{},"fnMap":{},"branchMap":{},"s":{},"f":{},"b":{},"_coverageSchema":"332fd63041d2c1bcb487cc26dd0d5f7d97098a6c","hash":"f63c5cc1aa929bbccb00ccdc79b383baa8b43818"}
,"/Users/kevinsullivan/Desktop/projects/flux-challenge/submissions/wolverineks/src/ui/Dashboard/components/Sith/strings.js": {"path":"/Users/kevinsullivan/Desktop/projects/flux-challenge/submissions/wolverineks/src/ui/Dashboard/components/Sith/strings.js","statementMap":{"0":{"start":{"line":3,"column":30},"end":{"line":3,"column":43}}},"fnMap":{},"branchMap":{},"s":{"0":2},"f":{},"b":{},"_coverageSchema":"332fd63041d2c1bcb487cc26dd0d5f7d97098a6c","hash":"d2931a9e6bab0d359a2b5af0c771676ac580c43d"}
}
