<?xml version="1.0" encoding="UTF-8"?>
<coverage generated="1510597548003" clover="3.2.0">
  <project timestamp="1510597548003" name="All files">
    <metrics statements="36" coveredstatements="30" conditionals="14" coveredconditionals="13" methods="17" coveredmethods="9" elements="67" coveredelements="52" complexity="0" loc="36" ncloc="36" packages="8" files="23" classes="23">
      <package name="async">
        <metrics statements="8" coveredstatements="4" conditionals="0" coveredconditionals="0" methods="6" coveredmethods="1"/>
        <file name="sithPixie.js" path="/Users/kevinsullivan/Desktop/projects/flux-challenge/submissions/wolverineks/src/async/sithPixie.js">
          <metrics statements="5" coveredstatements="2" conditionals="0" coveredconditionals="0" methods="3" coveredmethods="0"/>
          <line num="6" count="1" type="stmt"/>
          <line num="8" count="1" type="stmt"/>
          <line num="10" count="0" type="stmt"/>
          <line num="11" count="0" type="stmt"/>
          <line num="13" count="0" type="stmt"/>
        </file>
        <file name="sithsPixie.js" path="/Users/kevinsullivan/Desktop/projects/flux-challenge/submissions/wolverineks/src/async/sithsPixie.js">
          <metrics statements="3" coveredstatements="2" conditionals="0" coveredconditionals="0" methods="3" coveredmethods="1"/>
          <line num="7" count="1" type="stmt"/>
          <line num="9" count="1" type="stmt"/>
          <line num="10" count="0" type="stmt"/>
        </file>
      </package>
      <package name="state.reducers">
        <metrics statements="5" coveredstatements="5" conditionals="8" coveredconditionals="7" methods="2" coveredmethods="2"/>
        <file name="planet.js" path="/Users/kevinsullivan/Desktop/projects/flux-challenge/submissions/wolverineks/src/state/reducers/planet.js">
          <metrics statements="3" coveredstatements="3" conditionals="5" coveredconditionals="4" methods="1" coveredmethods="1"/>
          <line num="6" count="1" type="stmt"/>
          <line num="8" count="2" type="cond" truecount="2" falsecount="0"/>
          <line num="14" count="1" type="stmt"/>
        </file>
        <file name="siths.js" path="/Users/kevinsullivan/Desktop/projects/flux-challenge/submissions/wolverineks/src/state/reducers/siths.js">
          <metrics statements="2" coveredstatements="2" conditionals="3" coveredconditionals="3" methods="1" coveredmethods="1"/>
          <line num="6" count="1" type="stmt"/>
          <line num="8" count="2" type="cond" truecount="2" falsecount="0"/>
        </file>
      </package>
      <package name="ui.Dashboard">
        <metrics statements="1" coveredstatements="1" conditionals="0" coveredconditionals="0" methods="0" coveredmethods="0"/>
        <file name="Dashboard.jsx" path="/Users/kevinsullivan/Desktop/projects/flux-challenge/submissions/wolverineks/src/ui/Dashboard/Dashboard.jsx">
          <metrics statements="0" coveredstatements="0" conditionals="0" coveredconditionals="0" methods="0" coveredmethods="0"/>
        </file>
        <file name="index.js" path="/Users/kevinsullivan/Desktop/projects/flux-challenge/submissions/wolverineks/src/ui/Dashboard/index.js">
          <metrics statements="0" coveredstatements="0" conditionals="0" coveredconditionals="0" methods="0" coveredmethods="0"/>
        </file>
        <file name="styles.js" path="/Users/kevinsullivan/Desktop/projects/flux-challenge/submissions/wolverineks/src/ui/Dashboard/styles.js">
          <metrics statements="1" coveredstatements="1" conditionals="0" coveredconditionals="0" methods="0" coveredmethods="0"/>
          <line num="4" count="4" type="stmt"/>
        </file>
      </package>
      <package name="ui.Dashboard.components">
        <metrics statements="4" coveredstatements="2" conditionals="0" coveredconditionals="0" methods="2" coveredmethods="0"/>
        <file name="Body.jsx" path="/Users/kevinsullivan/Desktop/projects/flux-challenge/submissions/wolverineks/src/ui/Dashboard/components/Body.jsx">
          <metrics statements="2" coveredstatements="1" conditionals="0" coveredconditionals="0" methods="1" coveredmethods="0"/>
          <line num="5" count="1" type="stmt"/>
          <line num="6" count="0" type="stmt"/>
        </file>
        <file name="Header.jsx" path="/Users/kevinsullivan/Desktop/projects/flux-challenge/submissions/wolverineks/src/ui/Dashboard/components/Header.jsx">
          <metrics statements="2" coveredstatements="1" conditionals="0" coveredconditionals="0" methods="1" coveredmethods="0"/>
          <line num="5" count="1" type="stmt"/>
          <line num="6" count="0" type="stmt"/>
        </file>
        <file name="index.js" path="/Users/kevinsullivan/Desktop/projects/flux-challenge/submissions/wolverineks/src/ui/Dashboard/components/index.js">
          <metrics statements="0" coveredstatements="0" conditionals="0" coveredconditionals="0" methods="0" coveredmethods="0"/>
        </file>
      </package>
      <package name="ui.Dashboard.components.PlanetIndicator">
        <metrics statements="4" coveredstatements="4" conditionals="2" coveredconditionals="2" methods="1" coveredmethods="1"/>
        <file name="PlanetIndicator.jsx" path="/Users/kevinsullivan/Desktop/projects/flux-challenge/submissions/wolverineks/src/ui/Dashboard/components/PlanetIndicator/PlanetIndicator.jsx">
          <metrics statements="2" coveredstatements="2" conditionals="2" coveredconditionals="2" methods="1" coveredmethods="1"/>
          <line num="10" count="2" type="stmt"/>
          <line num="11" count="2" type="stmt"/>
        </file>
        <file name="index.js" path="/Users/kevinsullivan/Desktop/projects/flux-challenge/submissions/wolverineks/src/ui/Dashboard/components/PlanetIndicator/index.js">
          <metrics statements="0" coveredstatements="0" conditionals="0" coveredconditionals="0" methods="0" coveredmethods="0"/>
        </file>
        <file name="strings.js" path="/Users/kevinsullivan/Desktop/projects/flux-challenge/submissions/wolverineks/src/ui/Dashboard/components/PlanetIndicator/strings.js">
          <metrics statements="2" coveredstatements="2" conditionals="0" coveredconditionals="0" methods="0" coveredmethods="0"/>
          <line num="3" count="2" type="stmt"/>
          <line num="4" count="2" type="stmt"/>
        </file>
        <file name="style.js" path="/Users/kevinsullivan/Desktop/projects/flux-challenge/submissions/wolverineks/src/ui/Dashboard/components/PlanetIndicator/style.js">
          <metrics statements="0" coveredstatements="0" conditionals="0" coveredconditionals="0" methods="0" coveredmethods="0"/>
        </file>
      </package>
      <package name="ui.Dashboard.components.ScrollableList">
        <metrics statements="1" coveredstatements="1" conditionals="0" coveredconditionals="0" methods="1" coveredmethods="0"/>
        <file name="ScrollableList.jsx" path="/Users/kevinsullivan/Desktop/projects/flux-challenge/submissions/wolverineks/src/ui/Dashboard/components/ScrollableList/ScrollableList.jsx">
          <metrics statements="1" coveredstatements="1" conditionals="0" coveredconditionals="0" methods="1" coveredmethods="0"/>
          <line num="8" count="2" type="stmt"/>
        </file>
        <file name="index.js" path="/Users/kevinsullivan/Desktop/projects/flux-challenge/submissions/wolverineks/src/ui/Dashboard/components/ScrollableList/index.js">
          <metrics statements="0" coveredstatements="0" conditionals="0" coveredconditionals="0" methods="0" coveredmethods="0"/>
        </file>
      </package>
      <package name="ui.Dashboard.components.ScrollableList.components">
        <metrics statements="9" coveredstatements="9" conditionals="2" coveredconditionals="2" methods="4" coveredmethods="4"/>
        <file name="Button.jsx" path="/Users/kevinsullivan/Desktop/projects/flux-challenge/submissions/wolverineks/src/ui/Dashboard/components/ScrollableList/components/Button.jsx">
          <metrics statements="3" coveredstatements="3" conditionals="2" coveredconditionals="2" methods="1" coveredmethods="1"/>
          <line num="8" count="2" type="stmt"/>
          <line num="9" count="2" type="cond" truecount="2" falsecount="0"/>
          <line num="10" count="2" type="stmt"/>
        </file>
        <file name="Item.jsx" path="/Users/kevinsullivan/Desktop/projects/flux-challenge/submissions/wolverineks/src/ui/Dashboard/components/ScrollableList/components/Item.jsx">
          <metrics statements="2" coveredstatements="2" conditionals="0" coveredconditionals="0" methods="1" coveredmethods="1"/>
          <line num="8" count="2" type="stmt"/>
          <line num="9" count="1" type="stmt"/>
        </file>
        <file name="List.jsx" path="/Users/kevinsullivan/Desktop/projects/flux-challenge/submissions/wolverineks/src/ui/Dashboard/components/ScrollableList/components/List.jsx">
          <metrics statements="2" coveredstatements="2" conditionals="0" coveredconditionals="0" methods="1" coveredmethods="1"/>
          <line num="9" count="2" type="stmt"/>
          <line num="11" count="2" type="stmt"/>
        </file>
        <file name="ScrollButtons.jsx" path="/Users/kevinsullivan/Desktop/projects/flux-challenge/submissions/wolverineks/src/ui/Dashboard/components/ScrollableList/components/ScrollButtons.jsx">
          <metrics statements="2" coveredstatements="2" conditionals="0" coveredconditionals="0" methods="1" coveredmethods="1"/>
          <line num="9" count="2" type="stmt"/>
          <line num="10" count="1" type="stmt"/>
        </file>
      </package>
      <package name="ui.Dashboard.components.Sith">
        <metrics statements="4" coveredstatements="4" conditionals="2" coveredconditionals="2" methods="1" coveredmethods="1"/>
        <file name="Sith.jsx" path="/Users/kevinsullivan/Desktop/projects/flux-challenge/submissions/wolverineks/src/ui/Dashboard/components/Sith/Sith.jsx">
          <metrics statements="3" coveredstatements="3" conditionals="2" coveredconditionals="2" methods="1" coveredmethods="1"/>
          <line num="9" count="2" type="stmt"/>
          <line num="10" count="4" type="cond" truecount="2" falsecount="0"/>
          <line num="14" count="4" type="stmt"/>
        </file>
        <file name="index.js" path="/Users/kevinsullivan/Desktop/projects/flux-challenge/submissions/wolverineks/src/ui/Dashboard/components/Sith/index.js">
          <metrics statements="0" coveredstatements="0" conditionals="0" coveredconditionals="0" methods="0" coveredmethods="0"/>
        </file>
        <file name="strings.js" path="/Users/kevinsullivan/Desktop/projects/flux-challenge/submissions/wolverineks/src/ui/Dashboard/components/Sith/strings.js">
          <metrics statements="1" coveredstatements="1" conditionals="0" coveredconditionals="0" methods="0" coveredmethods="0"/>
          <line num="3" count="2" type="stmt"/>
        </file>
      </package>
    </metrics>
  </project>
</coverage>
