TN:
SF:/Users/kevinsullivan/Desktop/projects/flux-challenge/submissions/wolverineks/src/async/sithPixie.js
FN:8,(anonymous_0)
FN:10,(anonymous_1)
FN:11,(anonymous_2)
FNF:3
FNH:0
FNDA:0,(anonymous_0)
FNDA:0,(anonymous_1)
FNDA:0,(anonymous_2)
DA:6,1
DA:8,1
DA:10,0
DA:11,0
DA:13,0
LF:5
LH:2
BRF:0
BRH:0
end_of_record
TN:
SF:/Users/kevinsullivan/Desktop/projects/flux-challenge/submissions/wolverineks/src/async/sithsPixie.js
FN:9,(anonymous_0)
FN:9,(anonymous_1)
FN:10,(anonymous_2)
FNF:3
FNH:1
FNDA:1,(anonymous_0)
FNDA:0,(anonymous_1)
FNDA:0,(anonymous_2)
DA:7,1
DA:9,1
DA:10,0
LF:3
LH:2
BRF:0
BRH:0
end_of_record
TN:
SF:/Users/kevinsullivan/Desktop/projects/flux-challenge/submissions/wolverineks/src/state/reducers/planet.js
FN:7,(anonymous_0)
FNF:1
FNH:1
FNDA:2,(anonymous_0)
DA:6,1
DA:8,2
DA:14,1
LF:3
LH:3
BRDA:7,0,0,1
BRDA:8,1,0,1
BRDA:8,1,1,1
BRDA:9,2,0,1
BRDA:9,2,1,0
BRF:5
BRH:4
end_of_record
TN:
SF:/Users/kevinsullivan/Desktop/projects/flux-challenge/submissions/wolverineks/src/state/reducers/siths.js
FN:7,(anonymous_0)
FNF:1
FNH:1
FNDA:2,(anonymous_0)
DA:6,1
DA:8,2
LF:2
LH:2
BRDA:7,0,0,1
BRDA:8,1,0,1
BRDA:8,1,1,1
BRF:3
BRH:3
end_of_record
TN:
SF:/Users/kevinsullivan/Desktop/projects/flux-challenge/submissions/wolverineks/src/ui/Dashboard/Dashboard.jsx
FNF:0
FNH:0
LF:0
LH:0
BRF:0
BRH:0
end_of_record
TN:
SF:/Users/kevinsullivan/Desktop/projects/flux-challenge/submissions/wolverineks/src/ui/Dashboard/index.js
FNF:0
FNH:0
LF:0
LH:0
BRF:0
BRH:0
end_of_record
TN:
SF:/Users/kevinsullivan/Desktop/projects/flux-challenge/submissions/wolverineks/src/ui/Dashboard/styles.js
FNF:0
FNH:0
DA:4,4
LF:1
LH:1
BRF:0
BRH:0
end_of_record
TN:
SF:/Users/kevinsullivan/Desktop/projects/flux-challenge/submissions/wolverineks/src/ui/Dashboard/components/Body.jsx
FN:5,(anonymous_0)
FNF:1
FNH:0
FNDA:0,(anonymous_0)
DA:5,1
DA:6,0
LF:2
LH:1
BRF:0
BRH:0
end_of_record
TN:
SF:/Users/kevinsullivan/Desktop/projects/flux-challenge/submissions/wolverineks/src/ui/Dashboard/components/Header.jsx
FN:5,(anonymous_0)
FNF:1
FNH:0
FNDA:0,(anonymous_0)
DA:5,1
DA:6,0
LF:2
LH:1
BRF:0
BRH:0
end_of_record
TN:
SF:/Users/kevinsullivan/Desktop/projects/flux-challenge/submissions/wolverineks/src/ui/Dashboard/components/index.js
FNF:0
FNH:0
LF:0
LH:0
BRF:0
BRH:0
end_of_record
TN:
SF:/Users/kevinsullivan/Desktop/projects/flux-challenge/submissions/wolverineks/src/ui/Dashboard/components/PlanetIndicator/PlanetIndicator.jsx
FN:10,(anonymous_0)
FNF:1
FNH:1
FNDA:2,(anonymous_0)
DA:10,2
DA:11,2
LF:2
LH:2
BRDA:12,0,0,1
BRDA:12,0,1,1
BRF:2
BRH:2
end_of_record
TN:
SF:/Users/kevinsullivan/Desktop/projects/flux-challenge/submissions/wolverineks/src/ui/Dashboard/components/PlanetIndicator/index.js
FNF:0
FNH:0
LF:0
LH:0
BRF:0
BRH:0
end_of_record
TN:
SF:/Users/kevinsullivan/Desktop/projects/flux-challenge/submissions/wolverineks/src/ui/Dashboard/components/PlanetIndicator/strings.js
FNF:0
FNH:0
DA:3,2
DA:4,2
LF:2
LH:2
BRF:0
BRH:0
end_of_record
TN:
SF:/Users/kevinsullivan/Desktop/projects/flux-challenge/submissions/wolverineks/src/ui/Dashboard/components/PlanetIndicator/style.js
FNF:0
FNH:0
LF:0
LH:0
BRF:0
BRH:0
end_of_record
TN:
SF:/Users/kevinsullivan/Desktop/projects/flux-challenge/submissions/wolverineks/src/ui/Dashboard/components/ScrollableList/ScrollableList.jsx
FN:8,(anonymous_0)
FNF:1
FNH:0
FNDA:0,(anonymous_0)
DA:8,2
LF:1
LH:1
BRF:0
BRH:0
end_of_record
TN:
SF:/Users/kevinsullivan/Desktop/projects/flux-challenge/submissions/wolverineks/src/ui/Dashboard/components/ScrollableList/index.js
FNF:0
FNH:0
LF:0
LH:0
BRF:0
BRH:0
end_of_record
TN:
SF:/Users/kevinsullivan/Desktop/projects/flux-challenge/submissions/wolverineks/src/ui/Dashboard/components/ScrollableList/components/Button.jsx
FN:8,(anonymous_0)
FNF:1
FNH:1
FNDA:2,(anonymous_0)
DA:8,2
DA:9,2
DA:10,2
LF:3
LH:3
BRDA:9,0,0,1
BRDA:9,0,1,1
BRF:2
BRH:2
end_of_record
TN:
SF:/Users/kevinsullivan/Desktop/projects/flux-challenge/submissions/wolverineks/src/ui/Dashboard/components/ScrollableList/components/Item.jsx
FN:8,(anonymous_0)
FNF:1
FNH:1
FNDA:1,(anonymous_0)
DA:8,2
DA:9,1
LF:2
LH:2
BRF:0
BRH:0
end_of_record
TN:
SF:/Users/kevinsullivan/Desktop/projects/flux-challenge/submissions/wolverineks/src/ui/Dashboard/components/ScrollableList/components/List.jsx
FN:9,(anonymous_0)
FNF:1
FNH:1
FNDA:2,(anonymous_0)
DA:9,2
DA:11,2
LF:2
LH:2
BRF:0
BRH:0
end_of_record
TN:
SF:/Users/kevinsullivan/Desktop/projects/flux-challenge/submissions/wolverineks/src/ui/Dashboard/components/ScrollableList/components/ScrollButtons.jsx
FN:9,(anonymous_0)
FNF:1
FNH:1
FNDA:1,(anonymous_0)
DA:9,2
DA:10,1
LF:2
LH:2
BRF:0
BRH:0
end_of_record
TN:
SF:/Users/kevinsullivan/Desktop/projects/flux-challenge/submissions/wolverineks/src/ui/Dashboard/components/Sith/Sith.jsx
FN:9,(anonymous_0)
FNF:1
FNH:1
FNDA:4,(anonymous_0)
DA:9,2
DA:10,4
DA:14,4
LF:3
LH:3
BRDA:10,0,0,2
BRDA:10,0,1,2
BRF:2
BRH:2
end_of_record
TN:
SF:/Users/kevinsullivan/Desktop/projects/flux-challenge/submissions/wolverineks/src/ui/Dashboard/components/Sith/index.js
FNF:0
FNH:0
LF:0
LH:0
BRF:0
BRH:0
end_of_record
TN:
SF:/Users/kevinsullivan/Desktop/projects/flux-challenge/submissions/wolverineks/src/ui/Dashboard/components/Sith/strings.js
FNF:0
FNH:0
DA:3,2
LF:1
LH:1
BRF:0
BRH:0
end_of_record
